<?xml version="1.0" encoding="UTF-8"?>
<testsuite xmlns:xsi="http://www.w3.org/2001/XMLSchema-instance" xsi:noNamespaceSchemaLocation="https://maven.apache.org/surefire/maven-surefire-plugin/xsd/surefire-test-report-3.0.xsd" version="3.0" name="com.swaglabs.tests.ThreadSafeLoginTests" time="18.254" tests="4" errors="0" skipped="0" failures="0">
  <properties>
[...]
</properties>
  <testcase name="testLoginWithLockedUser" classname="com.swaglabs.tests.ThreadSafeLoginTests" time="2.611"/>
  <testcase name="testLoginWithLockedUser" classname="com.swaglabs.tests.ThreadSafeLoginTests" time="2.088"/>
  <testcase name="testValidLogin" classname="com.swaglabs.tests.ThreadSafeLoginTests" time="11.877"/>
  <testcase name="testValidLogin" classname="com.swaglabs.tests.ThreadSafeLoginTests" time="12.21"/>
  <testcase name="testInvalidLoginWrongPassword" classname="com.swaglabs.tests.ThreadSafeLoginTests" time="2.113"/>
  <testcase name="testInvalidLoginWrongPassword" classname="com.swaglabs.tests.ThreadSafeLoginTests" time="2.036"/>
  <testcase name="testInvalidLoginEmptyFields" classname="com.swaglabs.tests.ThreadSafeLoginTests" time="1.528"/>
  <testcase name="testInvalidLoginEmptyFields" classname="com.swaglabs.tests.ThreadSafeLoginTests" time="1.915"/>
</testsuite>